[0.600s] Invoking command in '/home/domenic/RS2/ros2_ws/build/ur3_motion_planning': PYTHONPATH=/home/domenic/RS2/ros2_ws/build/ur3_motion_planning/prefix_override:/usr/lib/python3/dist-packages/colcon_core/task/python/colcon_distutils_commands:/home/domenic/RS2/ros2_ws/install/ur3_motion_planning/lib/python3.10/site-packages:${PYTHONPATH} /usr/bin/python3 -W ignore:setup.py install is deprecated -W ignore:easy_install command is deprecated setup.py develop --editable --build-directory /home/domenic/RS2/ros2_ws/build/ur3_motion_planning/build --no-deps symlink_data --force
[0.855s] running develop
[1.002s] running egg_info
[1.002s] writing ur3_motion_planning.egg-info/PKG-INFO
[1.002s] writing dependency_links to ur3_motion_planning.egg-info/dependency_links.txt
[1.002s] writing entry points to ur3_motion_planning.egg-info/entry_points.txt
[1.002s] writing requirements to ur3_motion_planning.egg-info/requires.txt
[1.002s] writing top-level names to ur3_motion_planning.egg-info/top_level.txt
[1.004s] reading manifest file 'ur3_motion_planning.egg-info/SOURCES.txt'
[1.005s] writing manifest file 'ur3_motion_planning.egg-info/SOURCES.txt'
[1.006s] running build_ext
[1.006s] Creating /home/domenic/RS2/ros2_ws/install/ur3_motion_planning/lib/python3.10/site-packages/ur3-motion-planning.egg-link (link to .)
[1.007s] Installing add_table script to /home/domenic/RS2/ros2_ws/install/ur3_motion_planning/bin
[1.007s] 
[1.007s] Installed /home/domenic/RS2/ros2_ws/build/ur3_motion_planning
[1.007s] running symlink_data
[1.008s] symbolically linking /home/domenic/RS2/ros2_ws/build/ur3_motion_planning/resource/ur3_motion_planning -> /home/domenic/RS2/ros2_ws/install/ur3_motion_planning/share/ament_index/resource_index/packages
[1.008s] symbolically linking /home/domenic/RS2/ros2_ws/build/ur3_motion_planning/package.xml -> /home/domenic/RS2/ros2_ws/install/ur3_motion_planning/share/ur3_motion_planning
[1.008s] symbolically linking /home/domenic/RS2/ros2_ws/build/ur3_motion_planning/launch/ur3_motion_planning_moveit2.launch.py -> /home/domenic/RS2/ros2_ws/install/ur3_motion_planning/share/ur3_motion_planning/launch
[1.035s] Invoked command in '/home/domenic/RS2/ros2_ws/build/ur3_motion_planning' returned '0': PYTHONPATH=/home/domenic/RS2/ros2_ws/build/ur3_motion_planning/prefix_override:/usr/lib/python3/dist-packages/colcon_core/task/python/colcon_distutils_commands:/home/domenic/RS2/ros2_ws/install/ur3_motion_planning/lib/python3.10/site-packages:${PYTHONPATH} /usr/bin/python3 -W ignore:setup.py install is deprecated -W ignore:easy_install command is deprecated setup.py develop --editable --build-directory /home/domenic/RS2/ros2_ws/build/ur3_motion_planning/build --no-deps symlink_data --force
