[0.621s] Invoking command in '/home/domenic/RS2/ros2_ws/src/ur3_motion_planning': PYTHONPATH=/home/domenic/RS2/ros2_ws/build/ur3_motion_planning/prefix_override:/usr/lib/python3/dist-packages/colcon_core/task/python/colcon_distutils_commands:/home/domenic/RS2/ros2_ws/install/ur3_motion_planning/lib/python3.10/site-packages:${PYTHONPATH} /usr/bin/python3 -W ignore:setup.py install is deprecated -W ignore:easy_install command is deprecated setup.py egg_info --egg-base ../../build/ur3_motion_planning build --build-base /home/domenic/RS2/ros2_ws/build/ur3_motion_planning/build install --record /home/domenic/RS2/ros2_ws/build/ur3_motion_planning/install.log --single-version-externally-managed install_data
[0.844s] running egg_info
[0.845s] writing ../../build/ur3_motion_planning/ur3_motion_planning.egg-info/PKG-INFO
[0.845s] writing dependency_links to ../../build/ur3_motion_planning/ur3_motion_planning.egg-info/dependency_links.txt
[0.845s] writing entry points to ../../build/ur3_motion_planning/ur3_motion_planning.egg-info/entry_points.txt
[0.845s] writing requirements to ../../build/ur3_motion_planning/ur3_motion_planning.egg-info/requires.txt
[0.845s] writing top-level names to ../../build/ur3_motion_planning/ur3_motion_planning.egg-info/top_level.txt
[0.847s] reading manifest file '../../build/ur3_motion_planning/ur3_motion_planning.egg-info/SOURCES.txt'
[0.848s] writing manifest file '../../build/ur3_motion_planning/ur3_motion_planning.egg-info/SOURCES.txt'
[0.848s] running build
[0.848s] running build_py
[0.848s] running install
[0.849s] running install_lib
[0.850s] running install_data
[0.850s] running install_egg_info
[0.852s] removing '/home/domenic/RS2/ros2_ws/install/ur3_motion_planning/lib/python3.10/site-packages/ur3_motion_planning-0.1.0-py3.10.egg-info' (and everything under it)
[0.852s] Copying ../../build/ur3_motion_planning/ur3_motion_planning.egg-info to /home/domenic/RS2/ros2_ws/install/ur3_motion_planning/lib/python3.10/site-packages/ur3_motion_planning-0.1.0-py3.10.egg-info
[0.853s] running install_scripts
[0.873s] Installing motion_planning_node script to /home/domenic/RS2/ros2_ws/install/ur3_motion_planning/bin
[0.873s] writing list of installed files to '/home/domenic/RS2/ros2_ws/build/ur3_motion_planning/install.log'
[0.895s] Invoked command in '/home/domenic/RS2/ros2_ws/src/ur3_motion_planning' returned '0': PYTHONPATH=/home/domenic/RS2/ros2_ws/build/ur3_motion_planning/prefix_override:/usr/lib/python3/dist-packages/colcon_core/task/python/colcon_distutils_commands:/home/domenic/RS2/ros2_ws/install/ur3_motion_planning/lib/python3.10/site-packages:${PYTHONPATH} /usr/bin/python3 -W ignore:setup.py install is deprecated -W ignore:easy_install command is deprecated setup.py egg_info --egg-base ../../build/ur3_motion_planning build --build-base /home/domenic/RS2/ros2_ws/build/ur3_motion_planning/build install --record /home/domenic/RS2/ros2_ws/build/ur3_motion_planning/install.log --single-version-externally-managed install_data
