[0.104s] DEBUG:colcon:Command line arguments: ['/usr/bin/colcon', 'build', '--packages-select', 'ur3_motion_planning']
[0.104s] DEBUG:colcon:Parsed command line arguments: Namespace(log_base=None, log_level=None, verb_name='build', build_base='build', install_base='install', merge_install=False, symlink_install=False, test_result_base=None, continue_on_error=False, executor='parallel', parallel_workers=8, event_handlers=None, ignore_user_meta=False, metas=['./colcon.meta'], base_paths=['.'], packages_ignore=None, packages_ignore_regex=None, paths=None, packages_up_to=None, packages_up_to_regex=None, packages_above=None, packages_above_and_dependencies=None, packages_above_depth=None, packages_select_by_dep=None, packages_skip_by_dep=None, packages_skip_up_to=None, packages_select_build_failed=False, packages_skip_build_finished=False, packages_select_test_failures=False, packages_skip_test_passed=False, packages_select=['ur3_motion_planning'], packages_skip=None, packages_select_regex=None, packages_skip_regex=None, packages_start=None, packages_end=None, allow_overriding=[], cmake_args=None, cmake_target=None, cmake_target_skip_unavailable=False, cmake_clean_cache=False, cmake_clean_first=False, cmake_force_configure=False, ament_cmake_args=None, catkin_cmake_args=None, catkin_skip_building_tests=False, verb_parser=<colcon_defaults.argument_parser.defaults.DefaultArgumentsDecorator object at 0x7423d436d7b0>, verb_extension=<colcon_core.verb.build.BuildVerb object at 0x7423d436d270>, main=<bound method BuildVerb.main of <colcon_core.verb.build.BuildVerb object at 0x7423d436d270>>)
[0.258s] Level 1:colcon.colcon_core.package_discovery:discover_packages(colcon_meta) check parameters
[0.258s] Level 1:colcon.colcon_core.package_discovery:discover_packages(recursive) check parameters
[0.258s] Level 1:colcon.colcon_core.package_discovery:discover_packages(ignore) check parameters
[0.258s] Level 1:colcon.colcon_core.package_discovery:discover_packages(path) check parameters
[0.258s] Level 1:colcon.colcon_core.package_discovery:discover_packages(colcon_meta) discover
[0.258s] Level 1:colcon.colcon_core.package_discovery:discover_packages(recursive) discover
[0.258s] INFO:colcon.colcon_core.package_discovery:Crawling recursively for packages in '/home/domenic/RS2/ros2_ws'
[0.258s] Level 1:colcon.colcon_core.package_identification:_identify(.) by extensions ['ignore', 'ignore_ament_install']
[0.258s] Level 1:colcon.colcon_core.package_identification:_identify(.) by extension 'ignore'
[0.258s] Level 1:colcon.colcon_core.package_identification:_identify(.) by extension 'ignore_ament_install'
[0.259s] Level 1:colcon.colcon_core.package_identification:_identify(.) by extensions ['colcon_pkg']
[0.259s] Level 1:colcon.colcon_core.package_identification:_identify(.) by extension 'colcon_pkg'
[0.259s] Level 1:colcon.colcon_core.package_identification:_identify(.) by extensions ['colcon_meta']
[0.259s] Level 1:colcon.colcon_core.package_identification:_identify(.) by extension 'colcon_meta'
[0.259s] Level 1:colcon.colcon_core.package_identification:_identify(.) by extensions ['ros']
[0.259s] Level 1:colcon.colcon_core.package_identification:_identify(.) by extension 'ros'
[0.295s] Level 1:colcon.colcon_core.package_identification:_identify(.) by extensions ['cmake', 'python']
[0.295s] Level 1:colcon.colcon_core.package_identification:_identify(.) by extension 'cmake'
[0.295s] Level 1:colcon.colcon_core.package_identification:_identify(.) by extension 'python'
[0.295s] Level 1:colcon.colcon_core.package_identification:_identify(.) by extensions ['python_setup_py']
[0.295s] Level 1:colcon.colcon_core.package_identification:_identify(.) by extension 'python_setup_py'
[0.295s] Level 1:colcon.colcon_core.package_identification:_identify(build) by extensions ['ignore', 'ignore_ament_install']
[0.295s] Level 1:colcon.colcon_core.package_identification:_identify(build) by extension 'ignore'
[0.295s] Level 1:colcon.colcon_core.package_identification:_identify(build) ignored
[0.295s] Level 1:colcon.colcon_core.package_identification:_identify(install) by extensions ['ignore', 'ignore_ament_install']
[0.295s] Level 1:colcon.colcon_core.package_identification:_identify(install) by extension 'ignore'
[0.295s] Level 1:colcon.colcon_core.package_identification:_identify(install) ignored
[0.296s] Level 1:colcon.colcon_core.package_identification:_identify(log) by extensions ['ignore', 'ignore_ament_install']
[0.296s] Level 1:colcon.colcon_core.package_identification:_identify(log) by extension 'ignore'
[0.296s] Level 1:colcon.colcon_core.package_identification:_identify(log) ignored
[0.296s] Level 1:colcon.colcon_core.package_identification:_identify(src) by extensions ['ignore', 'ignore_ament_install']
[0.296s] Level 1:colcon.colcon_core.package_identification:_identify(src) by extension 'ignore'
[0.296s] Level 1:colcon.colcon_core.package_identification:_identify(src) by extension 'ignore_ament_install'
[0.296s] Level 1:colcon.colcon_core.package_identification:_identify(src) by extensions ['colcon_pkg']
[0.296s] Level 1:colcon.colcon_core.package_identification:_identify(src) by extension 'colcon_pkg'
[0.296s] Level 1:colcon.colcon_core.package_identification:_identify(src) by extensions ['colcon_meta']
[0.296s] Level 1:colcon.colcon_core.package_identification:_identify(src) by extension 'colcon_meta'
[0.296s] Level 1:colcon.colcon_core.package_identification:_identify(src) by extensions ['ros']
[0.296s] Level 1:colcon.colcon_core.package_identification:_identify(src) by extension 'ros'
[0.296s] Level 1:colcon.colcon_core.package_identification:_identify(src) by extensions ['cmake', 'python']
[0.296s] Level 1:colcon.colcon_core.package_identification:_identify(src) by extension 'cmake'
[0.296s] Level 1:colcon.colcon_core.package_identification:_identify(src) by extension 'python'
[0.296s] Level 1:colcon.colcon_core.package_identification:_identify(src) by extensions ['python_setup_py']
[0.296s] Level 1:colcon.colcon_core.package_identification:_identify(src) by extension 'python_setup_py'
[0.297s] Level 1:colcon.colcon_core.package_identification:_identify(src/ur3_motion_planning) by extensions ['ignore', 'ignore_ament_install']
[0.297s] Level 1:colcon.colcon_core.package_identification:_identify(src/ur3_motion_planning) by extension 'ignore'
[0.297s] Level 1:colcon.colcon_core.package_identification:_identify(src/ur3_motion_planning) by extension 'ignore_ament_install'
[0.297s] Level 1:colcon.colcon_core.package_identification:_identify(src/ur3_motion_planning) by extensions ['colcon_pkg']
[0.297s] Level 1:colcon.colcon_core.package_identification:_identify(src/ur3_motion_planning) by extension 'colcon_pkg'
[0.297s] Level 1:colcon.colcon_core.package_identification:_identify(src/ur3_motion_planning) by extensions ['colcon_meta']
[0.297s] Level 1:colcon.colcon_core.package_identification:_identify(src/ur3_motion_planning) by extension 'colcon_meta'
[0.297s] Level 1:colcon.colcon_core.package_identification:_identify(src/ur3_motion_planning) by extensions ['ros']
[0.297s] Level 1:colcon.colcon_core.package_identification:_identify(src/ur3_motion_planning) by extension 'ros'
[0.300s] DEBUG:colcon.colcon_core.package_identification:Package 'src/ur3_motion_planning' with type 'ros.ament_python' and name 'ur3_motion_planning'
[0.300s] Level 1:colcon.colcon_core.package_discovery:discover_packages(recursive) using defaults
[0.300s] Level 1:colcon.colcon_core.package_discovery:discover_packages(ignore) discover
[0.300s] Level 1:colcon.colcon_core.package_discovery:discover_packages(ignore) using defaults
[0.300s] Level 1:colcon.colcon_core.package_discovery:discover_packages(path) discover
[0.300s] Level 1:colcon.colcon_core.package_discovery:discover_packages(path) using defaults
[0.318s] Level 1:colcon.colcon_core.package_discovery:discover_packages(prefix_path) check parameters
[0.318s] Level 1:colcon.colcon_core.package_discovery:discover_packages(prefix_path) discover
[0.320s] DEBUG:colcon.colcon_installed_package_information.package_discovery:Found 1 installed packages in /home/domenic/RS2/ros2_ws/install
[0.320s] DEBUG:colcon.colcon_installed_package_information.package_discovery:Found 8 installed packages in /home/domenic/sfm_ws/install
[0.322s] DEBUG:colcon.colcon_installed_package_information.package_discovery:Found 373 installed packages in /opt/ros/humble
[0.323s] Level 1:colcon.colcon_core.package_discovery:discover_packages(prefix_path) using defaults
[0.365s] Level 5:colcon.colcon_core.verb:set package 'ur3_motion_planning' build argument 'cmake_args' from command line to 'None'
[0.365s] Level 5:colcon.colcon_core.verb:set package 'ur3_motion_planning' build argument 'cmake_target' from command line to 'None'
[0.365s] Level 5:colcon.colcon_core.verb:set package 'ur3_motion_planning' build argument 'cmake_target_skip_unavailable' from command line to 'False'
[0.365s] Level 5:colcon.colcon_core.verb:set package 'ur3_motion_planning' build argument 'cmake_clean_cache' from command line to 'False'
[0.365s] Level 5:colcon.colcon_core.verb:set package 'ur3_motion_planning' build argument 'cmake_clean_first' from command line to 'False'
[0.365s] Level 5:colcon.colcon_core.verb:set package 'ur3_motion_planning' build argument 'cmake_force_configure' from command line to 'False'
[0.365s] Level 5:colcon.colcon_core.verb:set package 'ur3_motion_planning' build argument 'ament_cmake_args' from command line to 'None'
[0.365s] Level 5:colcon.colcon_core.verb:set package 'ur3_motion_planning' build argument 'catkin_cmake_args' from command line to 'None'
[0.365s] Level 5:colcon.colcon_core.verb:set package 'ur3_motion_planning' build argument 'catkin_skip_building_tests' from command line to 'False'
[0.365s] DEBUG:colcon.colcon_core.verb:Building package 'ur3_motion_planning' with the following arguments: {'ament_cmake_args': None, 'build_base': '/home/domenic/RS2/ros2_ws/build/ur3_motion_planning', 'catkin_cmake_args': None, 'catkin_skip_building_tests': False, 'cmake_args': None, 'cmake_clean_cache': False, 'cmake_clean_first': False, 'cmake_force_configure': False, 'cmake_target': None, 'cmake_target_skip_unavailable': False, 'install_base': '/home/domenic/RS2/ros2_ws/install/ur3_motion_planning', 'merge_install': False, 'path': '/home/domenic/RS2/ros2_ws/src/ur3_motion_planning', 'symlink_install': False, 'test_result_base': None}
[0.365s] INFO:colcon.colcon_core.executor:Executing jobs using 'parallel' executor
[0.366s] DEBUG:colcon.colcon_parallel_executor.executor.parallel:run_until_complete
[0.366s] INFO:colcon.colcon_ros.task.ament_python.build:Building ROS package in '/home/domenic/RS2/ros2_ws/src/ur3_motion_planning' with build type 'ament_python'
[0.366s] Level 1:colcon.colcon_core.shell:create_environment_hook('ur3_motion_planning', 'ament_prefix_path')
[0.368s] INFO:colcon.colcon_core.plugin_system:Skipping extension 'colcon_core.shell.bat': Not used on non-Windows systems
[0.368s] INFO:colcon.colcon_core.shell:Creating environment hook '/home/domenic/RS2/ros2_ws/install/ur3_motion_planning/share/ur3_motion_planning/hook/ament_prefix_path.ps1'
[0.369s] INFO:colcon.colcon_core.shell:Creating environment descriptor '/home/domenic/RS2/ros2_ws/install/ur3_motion_planning/share/ur3_motion_planning/hook/ament_prefix_path.dsv'
[0.369s] INFO:colcon.colcon_core.shell:Creating environment hook '/home/domenic/RS2/ros2_ws/install/ur3_motion_planning/share/ur3_motion_planning/hook/ament_prefix_path.sh'
[0.370s] INFO:colcon.colcon_core.shell:Skip shell extension 'powershell' for command environment: Not usable outside of PowerShell
[0.370s] DEBUG:colcon.colcon_core.shell:Skip shell extension 'dsv' for command environment
[0.621s] INFO:colcon.colcon_core.task.python.build:Building Python package in '/home/domenic/RS2/ros2_ws/src/ur3_motion_planning'
[0.622s] INFO:colcon.colcon_core.shell:Skip shell extension 'powershell' for command environment: Not usable outside of PowerShell
[0.622s] DEBUG:colcon.colcon_core.shell:Skip shell extension 'dsv' for command environment
[0.960s] DEBUG:colcon.colcon_core.event_handler.log_command:Invoking command in '/home/domenic/RS2/ros2_ws/src/ur3_motion_planning': PYTHONPATH=/home/domenic/RS2/ros2_ws/build/ur3_motion_planning/prefix_override:/usr/lib/python3/dist-packages/colcon_core/task/python/colcon_distutils_commands:/home/domenic/RS2/ros2_ws/install/ur3_motion_planning/lib/python3.10/site-packages:${PYTHONPATH} /usr/bin/python3 -W ignore:setup.py install is deprecated -W ignore:easy_install command is deprecated setup.py egg_info --egg-base ../../build/ur3_motion_planning build --build-base /home/domenic/RS2/ros2_ws/build/ur3_motion_planning/build install --record /home/domenic/RS2/ros2_ws/build/ur3_motion_planning/install.log --single-version-externally-managed install_data
[1.237s] DEBUG:colcon.colcon_core.event_handler.log_command:Invoked command in '/home/domenic/RS2/ros2_ws/src/ur3_motion_planning' returned '0': PYTHONPATH=/home/domenic/RS2/ros2_ws/build/ur3_motion_planning/prefix_override:/usr/lib/python3/dist-packages/colcon_core/task/python/colcon_distutils_commands:/home/domenic/RS2/ros2_ws/install/ur3_motion_planning/lib/python3.10/site-packages:${PYTHONPATH} /usr/bin/python3 -W ignore:setup.py install is deprecated -W ignore:easy_install command is deprecated setup.py egg_info --egg-base ../../build/ur3_motion_planning build --build-base /home/domenic/RS2/ros2_ws/build/ur3_motion_planning/build install --record /home/domenic/RS2/ros2_ws/build/ur3_motion_planning/install.log --single-version-externally-managed install_data
[1.240s] Level 1:colcon.colcon_core.environment:checking '/home/domenic/RS2/ros2_ws/install/ur3_motion_planning' for CMake module files
[1.240s] Level 1:colcon.colcon_core.environment:checking '/home/domenic/RS2/ros2_ws/install/ur3_motion_planning' for CMake config files
[1.241s] Level 1:colcon.colcon_core.environment:checking '/home/domenic/RS2/ros2_ws/install/ur3_motion_planning/lib'
[1.241s] Level 1:colcon.colcon_core.environment:checking '/home/domenic/RS2/ros2_ws/install/ur3_motion_planning/bin'
[1.241s] Level 1:colcon.colcon_core.shell:create_environment_hook('ur3_motion_planning', 'path')
[1.242s] INFO:colcon.colcon_core.shell:Creating environment hook '/home/domenic/RS2/ros2_ws/install/ur3_motion_planning/share/ur3_motion_planning/hook/path.ps1'
[1.242s] INFO:colcon.colcon_core.shell:Creating environment descriptor '/home/domenic/RS2/ros2_ws/install/ur3_motion_planning/share/ur3_motion_planning/hook/path.dsv'
[1.243s] INFO:colcon.colcon_core.shell:Creating environment hook '/home/domenic/RS2/ros2_ws/install/ur3_motion_planning/share/ur3_motion_planning/hook/path.sh'
[1.243s] Level 1:colcon.colcon_core.environment:checking '/home/domenic/RS2/ros2_ws/install/ur3_motion_planning/lib/pkgconfig/ur3_motion_planning.pc'
[1.243s] Level 1:colcon.colcon_core.environment:checking '/home/domenic/RS2/ros2_ws/install/ur3_motion_planning/lib/python3.10/site-packages'
[1.243s] Level 1:colcon.colcon_core.shell:create_environment_hook('ur3_motion_planning', 'pythonpath')
[1.244s] INFO:colcon.colcon_core.shell:Creating environment hook '/home/domenic/RS2/ros2_ws/install/ur3_motion_planning/share/ur3_motion_planning/hook/pythonpath.ps1'
[1.244s] INFO:colcon.colcon_core.shell:Creating environment descriptor '/home/domenic/RS2/ros2_ws/install/ur3_motion_planning/share/ur3_motion_planning/hook/pythonpath.dsv'
[1.244s] INFO:colcon.colcon_core.shell:Creating environment hook '/home/domenic/RS2/ros2_ws/install/ur3_motion_planning/share/ur3_motion_planning/hook/pythonpath.sh'
[1.245s] Level 1:colcon.colcon_core.environment:checking '/home/domenic/RS2/ros2_ws/install/ur3_motion_planning/bin'
[1.245s] Level 1:colcon.colcon_core.shell:create_environment_hook('ur3_motion_planning', 'pythonscriptspath')
[1.245s] INFO:colcon.colcon_core.shell:Creating environment hook '/home/domenic/RS2/ros2_ws/install/ur3_motion_planning/share/ur3_motion_planning/hook/pythonscriptspath.ps1'
[1.246s] INFO:colcon.colcon_core.shell:Creating environment descriptor '/home/domenic/RS2/ros2_ws/install/ur3_motion_planning/share/ur3_motion_planning/hook/pythonscriptspath.dsv'
[1.246s] INFO:colcon.colcon_core.shell:Creating environment hook '/home/domenic/RS2/ros2_ws/install/ur3_motion_planning/share/ur3_motion_planning/hook/pythonscriptspath.sh'
[1.246s] Level 1:colcon.colcon_core.environment:create_environment_scripts_only(ur3_motion_planning)
[1.246s] INFO:colcon.colcon_core.shell:Creating package script '/home/domenic/RS2/ros2_ws/install/ur3_motion_planning/share/ur3_motion_planning/package.ps1'
[1.248s] INFO:colcon.colcon_core.shell:Creating package descriptor '/home/domenic/RS2/ros2_ws/install/ur3_motion_planning/share/ur3_motion_planning/package.dsv'
[1.248s] INFO:colcon.colcon_core.shell:Creating package script '/home/domenic/RS2/ros2_ws/install/ur3_motion_planning/share/ur3_motion_planning/package.sh'
[1.249s] INFO:colcon.colcon_core.shell:Creating package script '/home/domenic/RS2/ros2_ws/install/ur3_motion_planning/share/ur3_motion_planning/package.bash'
[1.250s] INFO:colcon.colcon_core.shell:Creating package script '/home/domenic/RS2/ros2_ws/install/ur3_motion_planning/share/ur3_motion_planning/package.zsh'
[1.251s] Level 1:colcon.colcon_core.environment:create_file_with_runtime_dependencies(/home/domenic/RS2/ros2_ws/install/ur3_motion_planning/share/colcon-core/packages/ur3_motion_planning)
[1.251s] DEBUG:colcon.colcon_parallel_executor.executor.parallel:closing loop
[1.252s] DEBUG:colcon.colcon_parallel_executor.executor.parallel:loop closed
[1.252s] DEBUG:colcon.colcon_parallel_executor.executor.parallel:run_until_complete finished with '0'
[1.252s] DEBUG:colcon.colcon_core.event_reactor:joining thread
[1.257s] INFO:colcon.colcon_core.plugin_system:Skipping extension 'colcon_notification.desktop_notification.terminal_notifier': Not used on non-Darwin systems
[1.257s] INFO:colcon.colcon_core.plugin_system:Skipping extension 'colcon_notification.desktop_notification.win32': Not used on non-Windows systems
[1.257s] INFO:colcon.colcon_notification.desktop_notification:Sending desktop notification using 'notify2'
[1.268s] DEBUG:colcon.colcon_core.event_reactor:joined thread
[1.268s] INFO:colcon.colcon_core.shell:Creating prefix script '/home/domenic/RS2/ros2_ws/install/local_setup.ps1'
[1.269s] INFO:colcon.colcon_core.shell:Creating prefix util module '/home/domenic/RS2/ros2_ws/install/_local_setup_util_ps1.py'
[1.270s] INFO:colcon.colcon_core.shell:Creating prefix chain script '/home/domenic/RS2/ros2_ws/install/setup.ps1'
[1.271s] INFO:colcon.colcon_core.shell:Creating prefix script '/home/domenic/RS2/ros2_ws/install/local_setup.sh'
[1.271s] INFO:colcon.colcon_core.shell:Creating prefix util module '/home/domenic/RS2/ros2_ws/install/_local_setup_util_sh.py'
[1.272s] INFO:colcon.colcon_core.shell:Creating prefix chain script '/home/domenic/RS2/ros2_ws/install/setup.sh'
[1.273s] INFO:colcon.colcon_core.shell:Creating prefix script '/home/domenic/RS2/ros2_ws/install/local_setup.bash'
[1.274s] INFO:colcon.colcon_core.shell:Creating prefix chain script '/home/domenic/RS2/ros2_ws/install/setup.bash'
[1.276s] INFO:colcon.colcon_core.shell:Creating prefix script '/home/domenic/RS2/ros2_ws/install/local_setup.zsh'
[1.277s] INFO:colcon.colcon_core.shell:Creating prefix chain script '/home/domenic/RS2/ros2_ws/install/setup.zsh'
