[0.719s] Invoking command in '/home/domenic/RS2/ros2_ws/build/ur3_motion_planning': PYTHONPATH=/home/domenic/RS2/ros2_ws/build/ur3_motion_planning/prefix_override:/usr/lib/python3/dist-packages/colcon_core/task/python/colcon_distutils_commands:/home/domenic/RS2/ros2_ws/install/ur3_motion_planning/lib/python3.10/site-packages:${PYTHONPATH} /usr/bin/python3 -W ignore:setup.py install is deprecated -W ignore:easy_install command is deprecated setup.py develop --uninstall --editable --build-directory /home/domenic/RS2/ros2_ws/build/ur3_motion_planning/build
[0.936s] running develop
[1.077s] Removing /home/domenic/RS2/ros2_ws/install/ur3_motion_planning/lib/python3.10/site-packages/ur3-motion-planning.egg-link (link to .)
[1.100s] Invoked command in '/home/domenic/RS2/ros2_ws/build/ur3_motion_planning' returned '0': PYTHONPATH=/home/domenic/RS2/ros2_ws/build/ur3_motion_planning/prefix_override:/usr/lib/python3/dist-packages/colcon_core/task/python/colcon_distutils_commands:/home/domenic/RS2/ros2_ws/install/ur3_motion_planning/lib/python3.10/site-packages:${PYTHONPATH} /usr/bin/python3 -W ignore:setup.py install is deprecated -W ignore:easy_install command is deprecated setup.py develop --uninstall --editable --build-directory /home/domenic/RS2/ros2_ws/build/ur3_motion_planning/build
[1.101s] Invoking command in '/home/domenic/RS2/ros2_ws/src/ur3_motion_planning': PYTHONPATH=/home/domenic/RS2/ros2_ws/build/ur3_motion_planning/prefix_override:/usr/lib/python3/dist-packages/colcon_core/task/python/colcon_distutils_commands:/home/domenic/RS2/ros2_ws/install/ur3_motion_planning/lib/python3.10/site-packages:${PYTHONPATH} /usr/bin/python3 -W ignore:setup.py install is deprecated -W ignore:easy_install command is deprecated setup.py egg_info --egg-base ../../build/ur3_motion_planning build --build-base /home/domenic/RS2/ros2_ws/build/ur3_motion_planning/build install --record /home/domenic/RS2/ros2_ws/build/ur3_motion_planning/install.log --single-version-externally-managed install_data --force
[1.302s] running egg_info
[1.302s] writing ../../build/ur3_motion_planning/ur3_motion_planning.egg-info/PKG-INFO
[1.302s] writing dependency_links to ../../build/ur3_motion_planning/ur3_motion_planning.egg-info/dependency_links.txt
[1.302s] writing entry points to ../../build/ur3_motion_planning/ur3_motion_planning.egg-info/entry_points.txt
[1.302s] writing requirements to ../../build/ur3_motion_planning/ur3_motion_planning.egg-info/requires.txt
[1.302s] writing top-level names to ../../build/ur3_motion_planning/ur3_motion_planning.egg-info/top_level.txt
[1.304s] reading manifest file '../../build/ur3_motion_planning/ur3_motion_planning.egg-info/SOURCES.txt'
[1.307s] writing manifest file '../../build/ur3_motion_planning/ur3_motion_planning.egg-info/SOURCES.txt'
[1.307s] running build
[1.307s] running build_py
[1.307s] creating /home/domenic/RS2/ros2_ws/build/ur3_motion_planning/build
[1.307s] creating /home/domenic/RS2/ros2_ws/build/ur3_motion_planning/build/lib
[1.307s] creating /home/domenic/RS2/ros2_ws/build/ur3_motion_planning/build/lib/ur3_motion_planning
[1.307s] copying ur3_motion_planning/__init__.py -> /home/domenic/RS2/ros2_ws/build/ur3_motion_planning/build/lib/ur3_motion_planning
[1.307s] copying ur3_motion_planning/motion_planning_node.py -> /home/domenic/RS2/ros2_ws/build/ur3_motion_planning/build/lib/ur3_motion_planning
[1.307s] copying ur3_motion_planning/motion_planning_node_moveit2.py -> /home/domenic/RS2/ros2_ws/build/ur3_motion_planning/build/lib/ur3_motion_planning
[1.307s] running install
[1.307s] running install_lib
[1.308s] creating /home/domenic/RS2/ros2_ws/install/ur3_motion_planning/lib/python3.10/site-packages/ur3_motion_planning
[1.308s] copying /home/domenic/RS2/ros2_ws/build/ur3_motion_planning/build/lib/ur3_motion_planning/__init__.py -> /home/domenic/RS2/ros2_ws/install/ur3_motion_planning/lib/python3.10/site-packages/ur3_motion_planning
[1.308s] copying /home/domenic/RS2/ros2_ws/build/ur3_motion_planning/build/lib/ur3_motion_planning/motion_planning_node.py -> /home/domenic/RS2/ros2_ws/install/ur3_motion_planning/lib/python3.10/site-packages/ur3_motion_planning
[1.308s] copying /home/domenic/RS2/ros2_ws/build/ur3_motion_planning/build/lib/ur3_motion_planning/motion_planning_node_moveit2.py -> /home/domenic/RS2/ros2_ws/install/ur3_motion_planning/lib/python3.10/site-packages/ur3_motion_planning
[1.309s] byte-compiling /home/domenic/RS2/ros2_ws/install/ur3_motion_planning/lib/python3.10/site-packages/ur3_motion_planning/__init__.py to __init__.cpython-310.pyc
[1.309s] byte-compiling /home/domenic/RS2/ros2_ws/install/ur3_motion_planning/lib/python3.10/site-packages/ur3_motion_planning/motion_planning_node.py to motion_planning_node.cpython-310.pyc
[1.311s] byte-compiling /home/domenic/RS2/ros2_ws/install/ur3_motion_planning/lib/python3.10/site-packages/ur3_motion_planning/motion_planning_node_moveit2.py to motion_planning_node_moveit2.cpython-310.pyc
[1.312s] running install_data
[1.312s] copying resource/ur3_motion_planning -> /home/domenic/RS2/ros2_ws/install/ur3_motion_planning/share/ament_index/resource_index/packages
[1.312s] copying package.xml -> /home/domenic/RS2/ros2_ws/install/ur3_motion_planning/share/ur3_motion_planning
[1.312s] copying launch/ur3_motion_planning.launch.py -> /home/domenic/RS2/ros2_ws/install/ur3_motion_planning/share/ur3_motion_planning/launch
[1.312s] copying launch/ur3_motion_planning_moveit2.launch.py -> /home/domenic/RS2/ros2_ws/install/ur3_motion_planning/share/ur3_motion_planning/launch
[1.312s] running install_egg_info
[1.314s] Copying ../../build/ur3_motion_planning/ur3_motion_planning.egg-info to /home/domenic/RS2/ros2_ws/install/ur3_motion_planning/lib/python3.10/site-packages/ur3_motion_planning-0.1.0-py3.10.egg-info
[1.314s] running install_scripts
[1.332s] Installing motion_planning_node script to /home/domenic/RS2/ros2_ws/install/ur3_motion_planning/bin
[1.332s] Installing motion_planning_node_moveit2 script to /home/domenic/RS2/ros2_ws/install/ur3_motion_planning/bin
[1.332s] writing list of installed files to '/home/domenic/RS2/ros2_ws/build/ur3_motion_planning/install.log'
[1.353s] Invoked command in '/home/domenic/RS2/ros2_ws/src/ur3_motion_planning' returned '0': PYTHONPATH=/home/domenic/RS2/ros2_ws/build/ur3_motion_planning/prefix_override:/usr/lib/python3/dist-packages/colcon_core/task/python/colcon_distutils_commands:/home/domenic/RS2/ros2_ws/install/ur3_motion_planning/lib/python3.10/site-packages:${PYTHONPATH} /usr/bin/python3 -W ignore:setup.py install is deprecated -W ignore:easy_install command is deprecated setup.py egg_info --egg-base ../../build/ur3_motion_planning build --build-base /home/domenic/RS2/ros2_ws/build/ur3_motion_planning/build install --record /home/domenic/RS2/ros2_ws/build/ur3_motion_planning/install.log --single-version-externally-managed install_data --force
