[0.603s] Invoking command in '/home/domenic/RS2/ros2_ws/build/ur3_motion_planning': PYTHONPATH=/home/domenic/RS2/ros2_ws/build/ur3_motion_planning/prefix_override:/usr/lib/python3/dist-packages/colcon_core/task/python/colcon_distutils_commands:/home/domenic/RS2/ros2_ws/install/ur3_motion_planning/lib/python3.10/site-packages:${PYTHONPATH} /usr/bin/python3 -W ignore:setup.py install is deprecated -W ignore:easy_install command is deprecated setup.py develop --editable --build-directory /home/domenic/RS2/ros2_ws/build/ur3_motion_planning/build --no-deps symlink_data
[0.841s] running develop
[0.989s] running egg_info
[0.989s] creating ur3_motion_planning.egg-info
[0.989s] writing ur3_motion_planning.egg-info/PKG-INFO
[0.990s] writing dependency_links to ur3_motion_planning.egg-info/dependency_links.txt
[0.990s] writing entry points to ur3_motion_planning.egg-info/entry_points.txt
[0.990s] writing requirements to ur3_motion_planning.egg-info/requires.txt
[0.990s] writing top-level names to ur3_motion_planning.egg-info/top_level.txt
[0.990s] writing manifest file 'ur3_motion_planning.egg-info/SOURCES.txt'
[0.991s] reading manifest file 'ur3_motion_planning.egg-info/SOURCES.txt'
[0.992s] writing manifest file 'ur3_motion_planning.egg-info/SOURCES.txt'
[0.994s] running build_ext
[0.994s] Creating /home/domenic/RS2/ros2_ws/install/ur3_motion_planning/lib/python3.10/site-packages/ur3-motion-planning.egg-link (link to .)
[0.994s] Installing motion_planning_node script to /home/domenic/RS2/ros2_ws/install/ur3_motion_planning/bin
[0.995s] 
[0.995s] Installed /home/domenic/RS2/ros2_ws/build/ur3_motion_planning
[0.995s] running symlink_data
[0.995s] creating /home/domenic/RS2/ros2_ws/install/ur3_motion_planning/share/ament_index
[0.995s] creating /home/domenic/RS2/ros2_ws/install/ur3_motion_planning/share/ament_index/resource_index
[0.995s] creating /home/domenic/RS2/ros2_ws/install/ur3_motion_planning/share/ament_index/resource_index/packages
[0.995s] symbolically linking /home/domenic/RS2/ros2_ws/build/ur3_motion_planning/resource/ur3_motion_planning -> /home/domenic/RS2/ros2_ws/install/ur3_motion_planning/share/ament_index/resource_index/packages
[0.995s] symbolically linking /home/domenic/RS2/ros2_ws/build/ur3_motion_planning/package.xml -> /home/domenic/RS2/ros2_ws/install/ur3_motion_planning/share/ur3_motion_planning
[0.995s] creating /home/domenic/RS2/ros2_ws/install/ur3_motion_planning/share/ur3_motion_planning/launch
[0.995s] symbolically linking /home/domenic/RS2/ros2_ws/build/ur3_motion_planning/launch/ur3_motion_planning.launch.py -> /home/domenic/RS2/ros2_ws/install/ur3_motion_planning/share/ur3_motion_planning/launch
[1.023s] Invoked command in '/home/domenic/RS2/ros2_ws/build/ur3_motion_planning' returned '0': PYTHONPATH=/home/domenic/RS2/ros2_ws/build/ur3_motion_planning/prefix_override:/usr/lib/python3/dist-packages/colcon_core/task/python/colcon_distutils_commands:/home/domenic/RS2/ros2_ws/install/ur3_motion_planning/lib/python3.10/site-packages:${PYTHONPATH} /usr/bin/python3 -W ignore:setup.py install is deprecated -W ignore:easy_install command is deprecated setup.py develop --editable --build-directory /home/domenic/RS2/ros2_ws/build/ur3_motion_planning/build --no-deps symlink_data
