[0.546s] Invoking command in '/home/domenic/RS2/ros2_ws/src/ur3_motion_planning': PYTHONPATH=/home/domenic/RS2/ros2_ws/build/ur3_motion_planning/prefix_override:/usr/lib/python3/dist-packages/colcon_core/task/python/colcon_distutils_commands:/home/domenic/RS2/ros2_ws/install/ur3_motion_planning/lib/python3.10/site-packages:${PYTHONPATH} /usr/bin/python3 -W ignore:setup.py install is deprecated -W ignore:easy_install command is deprecated setup.py egg_info --egg-base ../../build/ur3_motion_planning build --build-base /home/domenic/RS2/ros2_ws/build/ur3_motion_planning/build install --record /home/domenic/RS2/ros2_ws/build/ur3_motion_planning/install.log --single-version-externally-managed install_data
[0.757s] running egg_info
[0.758s] writing ../../build/ur3_motion_planning/ur3_motion_planning.egg-info/PKG-INFO
[0.758s] writing dependency_links to ../../build/ur3_motion_planning/ur3_motion_planning.egg-info/dependency_links.txt
[0.758s] writing entry points to ../../build/ur3_motion_planning/ur3_motion_planning.egg-info/entry_points.txt
[0.758s] writing requirements to ../../build/ur3_motion_planning/ur3_motion_planning.egg-info/requires.txt
[0.759s] writing top-level names to ../../build/ur3_motion_planning/ur3_motion_planning.egg-info/top_level.txt
[0.760s] reading manifest file '../../build/ur3_motion_planning/ur3_motion_planning.egg-info/SOURCES.txt'
[0.761s] writing manifest file '../../build/ur3_motion_planning/ur3_motion_planning.egg-info/SOURCES.txt'
[0.761s] running build
[0.761s] running build_py
[0.761s] copying ur3_motion_planning/motion_planning_node_moveit2.py -> /home/domenic/RS2/ros2_ws/build/ur3_motion_planning/build/lib/ur3_motion_planning
[0.761s] running install
[0.761s] running install_lib
[0.762s] copying /home/domenic/RS2/ros2_ws/build/ur3_motion_planning/build/lib/ur3_motion_planning/motion_planning_node_moveit2.py -> /home/domenic/RS2/ros2_ws/install/ur3_motion_planning/lib/python3.10/site-packages/ur3_motion_planning
[0.762s] byte-compiling /home/domenic/RS2/ros2_ws/install/ur3_motion_planning/lib/python3.10/site-packages/ur3_motion_planning/motion_planning_node_moveit2.py to motion_planning_node_moveit2.cpython-310.pyc
[0.764s] running install_data
[0.764s] copying package.xml -> /home/domenic/RS2/ros2_ws/install/ur3_motion_planning/share/ur3_motion_planning
[0.764s] copying launch/ur3_motion_planning_moveit2.launch.py -> /home/domenic/RS2/ros2_ws/install/ur3_motion_planning/share/ur3_motion_planning/launch
[0.764s] running install_egg_info
[0.766s] removing '/home/domenic/RS2/ros2_ws/install/ur3_motion_planning/lib/python3.10/site-packages/ur3_motion_planning-0.1.0-py3.10.egg-info' (and everything under it)
[0.766s] Copying ../../build/ur3_motion_planning/ur3_motion_planning.egg-info to /home/domenic/RS2/ros2_ws/install/ur3_motion_planning/lib/python3.10/site-packages/ur3_motion_planning-0.1.0-py3.10.egg-info
[0.767s] running install_scripts
[0.785s] Installing motion_planning_node script to /home/domenic/RS2/ros2_ws/install/ur3_motion_planning/bin
[0.785s] writing list of installed files to '/home/domenic/RS2/ros2_ws/build/ur3_motion_planning/install.log'
[0.806s] Invoked command in '/home/domenic/RS2/ros2_ws/src/ur3_motion_planning' returned '0': PYTHONPATH=/home/domenic/RS2/ros2_ws/build/ur3_motion_planning/prefix_override:/usr/lib/python3/dist-packages/colcon_core/task/python/colcon_distutils_commands:/home/domenic/RS2/ros2_ws/install/ur3_motion_planning/lib/python3.10/site-packages:${PYTHONPATH} /usr/bin/python3 -W ignore:setup.py install is deprecated -W ignore:easy_install command is deprecated setup.py egg_info --egg-base ../../build/ur3_motion_planning build --build-base /home/domenic/RS2/ros2_ws/build/ur3_motion_planning/build install --record /home/domenic/RS2/ros2_ws/build/ur3_motion_planning/install.log --single-version-externally-managed install_data
