running egg_info
writing ../../build/ur3_motion_planning/ur3_motion_planning.egg-info/PKG-INFO
writing dependency_links to ../../build/ur3_motion_planning/ur3_motion_planning.egg-info/dependency_links.txt
writing entry points to ../../build/ur3_motion_planning/ur3_motion_planning.egg-info/entry_points.txt
writing requirements to ../../build/ur3_motion_planning/ur3_motion_planning.egg-info/requires.txt
writing top-level names to ../../build/ur3_motion_planning/ur3_motion_planning.egg-info/top_level.txt
reading manifest file '../../build/ur3_motion_planning/ur3_motion_planning.egg-info/SOURCES.txt'
writing manifest file '../../build/ur3_motion_planning/ur3_motion_planning.egg-info/SOURCES.txt'
running build
running build_py
copying ur3_motion_planning/ur3_drawing_node.py -> /home/domenic/RS2/ros2_ws/build/ur3_motion_planning/build/lib/ur3_motion_planning
running install
running install_lib
copying /home/domenic/RS2/ros2_ws/build/ur3_motion_planning/build/lib/ur3_motion_planning/ur3_drawing_node.py -> /home/domenic/RS2/ros2_ws/install/ur3_motion_planning/lib/python3.10/site-packages/ur3_motion_planning
byte-compiling /home/domenic/RS2/ros2_ws/install/ur3_motion_planning/lib/python3.10/site-packages/ur3_motion_planning/ur3_drawing_node.py to ur3_drawing_node.cpython-310.pyc
running install_data
copying package.xml -> /home/domenic/RS2/ros2_ws/install/ur3_motion_planning/share/ur3_motion_planning
running install_egg_info
removing '/home/domenic/RS2/ros2_ws/install/ur3_motion_planning/lib/python3.10/site-packages/ur3_motion_planning-0.1.0-py3.10.egg-info' (and everything under it)
Copying ../../build/ur3_motion_planning/ur3_motion_planning.egg-info to /home/domenic/RS2/ros2_ws/install/ur3_motion_planning/lib/python3.10/site-packages/ur3_motion_planning-0.1.0-py3.10.egg-info
running install_scripts
Installing motion_planning_node script to /home/domenic/RS2/ros2_ws/install/ur3_motion_planning/bin
writing list of installed files to '/home/domenic/RS2/ros2_ws/build/ur3_motion_planning/install.log'
