running develop
Removing /home/domenic/RS2/ros2_ws/install/ur3_motion_planning/lib/python3.10/site-packages/ur3-motion-planning.egg-link (link to .)
running egg_info
writing ../../build/ur3_motion_planning/ur3_motion_planning.egg-info/PKG-INFO
writing dependency_links to ../../build/ur3_motion_planning/ur3_motion_planning.egg-info/dependency_links.txt
writing entry points to ../../build/ur3_motion_planning/ur3_motion_planning.egg-info/entry_points.txt
writing requirements to ../../build/ur3_motion_planning/ur3_motion_planning.egg-info/requires.txt
writing top-level names to ../../build/ur3_motion_planning/ur3_motion_planning.egg-info/top_level.txt
reading manifest file '../../build/ur3_motion_planning/ur3_motion_planning.egg-info/SOURCES.txt'
writing manifest file '../../build/ur3_motion_planning/ur3_motion_planning.egg-info/SOURCES.txt'
running build
running build_py
copying ur3_motion_planning/add_table_simple.py -> /home/domenic/RS2/ros2_ws/build/ur3_motion_planning/build/lib/ur3_motion_planning
running install
running install_lib
copying /home/domenic/RS2/ros2_ws/build/ur3_motion_planning/build/lib/ur3_motion_planning/__init__.py -> /home/domenic/RS2/ros2_ws/install/ur3_motion_planning/lib/python3.10/site-packages/ur3_motion_planning
copying /home/domenic/RS2/ros2_ws/build/ur3_motion_planning/build/lib/ur3_motion_planning/add_table_simple.py -> /home/domenic/RS2/ros2_ws/install/ur3_motion_planning/lib/python3.10/site-packages/ur3_motion_planning
copying /home/domenic/RS2/ros2_ws/build/ur3_motion_planning/build/lib/ur3_motion_planning/motion_planning_node_moveit2.py -> /home/domenic/RS2/ros2_ws/install/ur3_motion_planning/lib/python3.10/site-packages/ur3_motion_planning
byte-compiling /home/domenic/RS2/ros2_ws/install/ur3_motion_planning/lib/python3.10/site-packages/ur3_motion_planning/__init__.py to __init__.cpython-310.pyc
byte-compiling /home/domenic/RS2/ros2_ws/install/ur3_motion_planning/lib/python3.10/site-packages/ur3_motion_planning/add_table_simple.py to add_table_simple.cpython-310.pyc
byte-compiling /home/domenic/RS2/ros2_ws/install/ur3_motion_planning/lib/python3.10/site-packages/ur3_motion_planning/motion_planning_node_moveit2.py to motion_planning_node_moveit2.cpython-310.pyc
running install_data
copying resource/ur3_motion_planning -> /home/domenic/RS2/ros2_ws/install/ur3_motion_planning/share/ament_index/resource_index/packages
copying package.xml -> /home/domenic/RS2/ros2_ws/install/ur3_motion_planning/share/ur3_motion_planning
copying launch/ur3_motion_planning_moveit2.launch.py -> /home/domenic/RS2/ros2_ws/install/ur3_motion_planning/share/ur3_motion_planning/launch
running install_egg_info
Copying ../../build/ur3_motion_planning/ur3_motion_planning.egg-info to /home/domenic/RS2/ros2_ws/install/ur3_motion_planning/lib/python3.10/site-packages/ur3_motion_planning-0.1.0-py3.10.egg-info
running install_scripts
Installing add_table script to /home/domenic/RS2/ros2_ws/install/ur3_motion_planning/bin
Installing motion_planning_node script to /home/domenic/RS2/ros2_ws/install/ur3_motion_planning/bin
writing list of installed files to '/home/domenic/RS2/ros2_ws/build/ur3_motion_planning/install.log'
