[0.000000] (-) TimerEvent: {}
[0.000393] (ur3_motion_planning) JobQueued: {'identifier': 'ur3_motion_planning', 'dependencies': OrderedDict()}
[0.000563] (ur3_motion_planning) JobStarted: {'identifier': 'ur3_motion_planning'}
[0.099723] (-) TimerEvent: {}
[0.200062] (-) TimerEvent: {}
[0.300392] (-) TimerEvent: {}
[0.400656] (-) TimerEvent: {}
[0.500949] (-) TimerEvent: {}
[0.521777] (ur3_motion_planning) Command: {'cmd': ['/usr/bin/python3', '-W', 'ignore:setup.py install is deprecated', '-W', 'ignore:easy_install command is deprecated', 'setup.py', 'egg_info', '--egg-base', '../../build/ur3_motion_planning', 'build', '--build-base', '/home/domenic/RS2/ros2_ws/build/ur3_motion_planning/build', 'install', '--record', '/home/domenic/RS2/ros2_ws/build/ur3_motion_planning/install.log', '--single-version-externally-managed', 'install_data'], 'cwd': '/home/domenic/RS2/ros2_ws/src/ur3_motion_planning', 'env': {'LANGUAGE': 'en_AU:en', 'USER': 'domenic', 'XDG_SESSION_TYPE': 'wayland', 'SHLVL': '1', 'LD_LIBRARY_PATH': '/home/domenic/sfm_ws/install/people_msgs/lib:/home/domenic/sfm_ws/install/hunav_rviz2_panel/lib:/home/domenic/sfm_ws/install/hunav_gazebo_wrapper/lib:/home/domenic/sfm_ws/install/hunav_msgs/lib:/usr/lib/x86_64-linux-gnu/gazebo-11/plugins:/opt/ros/humble/opt/rviz_ogre_vendor/lib:/opt/ros/humble/lib/x86_64-linux-gnu:/opt/ros/humble/lib', 'HOME': '/home/domenic', 'OLDPWD': '/home/domenic/RS2/ros2_ws', 'DESKTOP_SESSION': 'ubuntu', 'ROS_PYTHON_VERSION': '3', 'GNOME_SHELL_SESSION_MODE': 'ubuntu', 'GTK_MODULES': 'gail:atk-bridge', 'SYSTEMD_EXEC_PID': '1058', 'DBUS_SESSION_BUS_ADDRESS': 'unix:path=/run/user/1000/bus', 'COLORTERM': 'truecolor', 'IM_CONFIG_PHASE': '1', 'WAYLAND_DISPLAY': 'wayland-0', 'COLCON_PREFIX_PATH': '/home/domenic/RS2/ros2_ws/install:/home/domenic/sfm_ws/install', 'ROS_DISTRO': 'humble', 'LOGNAME': 'domenic', '_': '/usr/bin/colcon', 'ROS_VERSION': '2', 'XDG_SESSION_CLASS': 'user', 'USERNAME': 'domenic', 'TERM': 'xterm-256color', 'GAZEBO_MODEL_PATH': '/home/domenic/sfm_ws/install/hunav_gazebo_wrapper/share/hunav_gazebo_wrapper:/home/domenic/sfm_ws/install/hunav_gazebo_wrapper/share/hunav_gazebo_wrapper/models', 'GNOME_DESKTOP_SESSION_ID': 'this-is-deprecated', 'ROS_LOCALHOST_ONLY': '0', 'PATH': '/home/domenic/RS2/ros2_ws/install/ur3_motion_planning/bin:/opt/ros/humble/bin:/usr/local/sbin:/usr/local/bin:/usr/sbin:/usr/bin:/sbin:/bin:/usr/games:/usr/local/games:/snap/bin:/snap/bin', 'SESSION_MANAGER': 'local/domenic-Surface-Laptop-3:@/tmp/.ICE-unix/1024,unix/domenic-Surface-Laptop-3:/tmp/.ICE-unix/1024', 'XDG_MENU_PREFIX': 'gnome-', 'GNOME_TERMINAL_SCREEN': '/org/gnome/Terminal/screen/aa42a1aa_8a5e_40cb_be2a_3eaca9c9791f', 'GNOME_SETUP_DISPLAY': ':1', 'XDG_RUNTIME_DIR': '/run/user/1000', 'DISPLAY': ':0', 'LANG': 'en_AU.UTF-8', 'XDG_CURRENT_DESKTOP': 'ubuntu:GNOME', 'XMODIFIERS': '@im=ibus', 'XDG_SESSION_DESKTOP': 'ubuntu', 'XAUTHORITY': '/run/user/1000/.mutter-Xwaylandauth.AJLYM3', 'GNOME_TERMINAL_SERVICE': ':1.111', 'SSH_AGENT_LAUNCHER': 'gnome-keyring', 'SSH_AUTH_SOCK': '/run/user/1000/keyring/ssh', 'AMENT_PREFIX_PATH': '/home/domenic/RS2/ros2_ws/install/ur3_motion_planning:/home/domenic/sfm_ws/install/hunav_sim:/home/domenic/sfm_ws/install/hunav_agent_manager:/home/domenic/sfm_ws/install/people_msgs:/home/domenic/sfm_ws/install/hunav_rviz2_panel:/home/domenic/sfm_ws/install/hunav_behavior_tree_generator:/home/domenic/sfm_ws/install/hunav_gazebo_wrapper:/home/domenic/sfm_ws/install/hunav_evaluator:/home/domenic/sfm_ws/install/hunav_msgs:/opt/ros/humble', 'SHELL': '/bin/bash', 'QT_ACCESSIBILITY': '1', 'GDMSESSION': 'ubuntu', 'GAZEBO_RESOURCE_PATH': '/home/domenic/sfm_ws/install/hunav_gazebo_wrapper/share/hunav_gazebo_wrapper:/home/domenic/sfm_ws/install/hunav_gazebo_wrapper/share/hunav_gazebo_wrapper/models:/home/domenic/sfm_ws/install/hunav_gazebo_wrapper/share/hunav_gazebo_wrapper/worlds', 'QT_IM_MODULE': 'ibus', 'PWD': '/home/domenic/RS2/ros2_ws/build/ur3_motion_planning', 'XDG_CONFIG_DIRS': '/etc/xdg/xdg-ubuntu:/etc/xdg', 'GAZEBO_PLUGIN_PATH': '/home/domenic/sfm_ws/install/hunav_gazebo_wrapper/lib', 'XDG_DATA_DIRS': '/usr/share/ubuntu:/usr/local/share/:/usr/share/:/var/lib/snapd/desktop', 'PYTHONPATH': '/home/domenic/RS2/ros2_ws/build/ur3_motion_planning/prefix_override:/usr/lib/python3/dist-packages/colcon_core/task/python/colcon_distutils_commands:/home/domenic/RS2/ros2_ws/install/ur3_motion_planning/lib/python3.10/site-packages:/home/domenic/RS2/ros2_ws/build/ur3_motion_planning:/home/domenic/RS2/ros2_ws/install/ur3_motion_planning/lib/python3.10/site-packages:/home/domenic/sfm_ws/install/people_msgs/local/lib/python3.10/dist-packages:/home/domenic/sfm_ws/install/hunav_behavior_tree_generator/lib/python3.10/site-packages:/home/domenic/sfm_ws/install/hunav_evaluator/lib/python3.10/site-packages:/home/domenic/sfm_ws/install/hunav_msgs/local/lib/python3.10/dist-packages:/opt/ros/humble/lib/python3.10/site-packages:/opt/ros/humble/local/lib/python3.10/dist-packages', 'COLCON': '1', 'VTE_VERSION': '6800', 'CMAKE_PREFIX_PATH': '/home/domenic/sfm_ws/install/hunav_sim:/home/domenic/sfm_ws/install/hunav_agent_manager:/home/domenic/sfm_ws/install/people_msgs:/home/domenic/sfm_ws/install/hunav_rviz2_panel:/home/domenic/sfm_ws/install/hunav_gazebo_wrapper:/home/domenic/sfm_ws/install/hunav_msgs'}, 'shell': False}
[0.601072] (-) TimerEvent: {}
[0.701368] (-) TimerEvent: {}
[0.719867] (ur3_motion_planning) StdoutLine: {'line': b'running egg_info\n'}
[0.720418] (ur3_motion_planning) StdoutLine: {'line': b'writing ../../build/ur3_motion_planning/ur3_motion_planning.egg-info/PKG-INFO\n'}
[0.720626] (ur3_motion_planning) StdoutLine: {'line': b'writing dependency_links to ../../build/ur3_motion_planning/ur3_motion_planning.egg-info/dependency_links.txt\n'}
[0.720754] (ur3_motion_planning) StdoutLine: {'line': b'writing entry points to ../../build/ur3_motion_planning/ur3_motion_planning.egg-info/entry_points.txt\n'}
[0.720869] (ur3_motion_planning) StdoutLine: {'line': b'writing requirements to ../../build/ur3_motion_planning/ur3_motion_planning.egg-info/requires.txt\n'}
[0.720926] (ur3_motion_planning) StdoutLine: {'line': b'writing top-level names to ../../build/ur3_motion_planning/ur3_motion_planning.egg-info/top_level.txt\n'}
[0.722119] (ur3_motion_planning) StdoutLine: {'line': b"reading manifest file '../../build/ur3_motion_planning/ur3_motion_planning.egg-info/SOURCES.txt'\n"}
[0.722745] (ur3_motion_planning) StdoutLine: {'line': b"writing manifest file '../../build/ur3_motion_planning/ur3_motion_planning.egg-info/SOURCES.txt'\n"}
[0.722858] (ur3_motion_planning) StdoutLine: {'line': b'running build\n'}
[0.722910] (ur3_motion_planning) StdoutLine: {'line': b'running build_py\n'}
[0.723008] (ur3_motion_planning) StdoutLine: {'line': b'running install\n'}
[0.723256] (ur3_motion_planning) StdoutLine: {'line': b'running install_lib\n'}
[0.724360] (ur3_motion_planning) StdoutLine: {'line': b'running install_data\n'}
[0.724463] (ur3_motion_planning) StdoutLine: {'line': b'copying launch/ur3_motion_planning_moveit2.launch.py -> /home/domenic/RS2/ros2_ws/install/ur3_motion_planning/share/ur3_motion_planning/launch\n'}
[0.724537] (ur3_motion_planning) StdoutLine: {'line': b'running install_egg_info\n'}
[0.725991] (ur3_motion_planning) StdoutLine: {'line': b"removing '/home/domenic/RS2/ros2_ws/install/ur3_motion_planning/lib/python3.10/site-packages/ur3_motion_planning-0.1.0-py3.10.egg-info' (and everything under it)\n"}
[0.726155] (ur3_motion_planning) StdoutLine: {'line': b'Copying ../../build/ur3_motion_planning/ur3_motion_planning.egg-info to /home/domenic/RS2/ros2_ws/install/ur3_motion_planning/lib/python3.10/site-packages/ur3_motion_planning-0.1.0-py3.10.egg-info\n'}
[0.727043] (ur3_motion_planning) StdoutLine: {'line': b'running install_scripts\n'}
[0.745843] (ur3_motion_planning) StdoutLine: {'line': b'Installing motion_planning_node script to /home/domenic/RS2/ros2_ws/install/ur3_motion_planning/bin\n'}
[0.746048] (ur3_motion_planning) StdoutLine: {'line': b"writing list of installed files to '/home/domenic/RS2/ros2_ws/build/ur3_motion_planning/install.log'\n"}
[0.767091] (ur3_motion_planning) CommandEnded: {'returncode': 0}
[0.777626] (ur3_motion_planning) JobEnded: {'identifier': 'ur3_motion_planning', 'rc': 0}
[0.778181] (-) EventReactorShutdown: {}
